cycle, observation, reward, action, explored, explore_rate, total reward, average reward, time, model size
1, 0, 0, 0, 0, 0.1, 0, 0, 0.08, 1
2, 0, 0, 1, 0, 0.0995, 0, 0, 0.08, 6
3, 2, 2, 0, 0, 0.0990025, 2, 0.666667, 0.09, 19
4, 0, 0, 1, 0, 0.0985075, 2, 0.5, 0.09, 18
5, 2, 2, 1, 0, 0.098015, 4, 0.8, 0.08, 20
6, 2, 2, 1, 0, 0.0975249, 6, 1, 0.09, 25
7, 2, 2, 1, 0, 0.0975249, 8, 1.14286, 0.09, 25
8, 2, 2, 1, 0, 0.0975249, 10, 1.25, 0.08, 25
9, 2, 2, 1, 0, 0.0975249, 12, 1.33333, 0.09, 24
10, 2, 2, 1, 0, 0.0975249, 14, 1.4, 0.09, 26
11, 2, 2, 1, 0, 0.0975249, 16, 1.45455, 0.08, 25
12, 2, 2, 1, 0, 0.0975249, 18, 1.5, 0.09, 24
13, 2, 2, 1, 0, 0.0975249, 20, 1.53846, 0.09, 25
14, 2, 2, 1, 0, 0.0975249, 22, 1.57143, 0.08, 25
15, 2, 2, 1, 0, 0.0975249, 24, 1.6, 0.09, 24
16, 2, 2, 1, 0, 0.0975249, 26, 1.625, 0.09, 25
17, 2, 2, 1, 0, 0.0975249, 28, 1.64706, 0.09, 25
18, 2, 2, 1, 0, 0.0975249, 30, 1.66667, 0.08, 25
19, 2, 2, 1, 0, 0.0975249, 32, 1.68421, 0.09, 24
20, 2, 2, 1, 0, 0.0975249, 34, 1.7, 0.09, 24
21, 2, 2, 1, 0, 0.0975249, 36, 1.71429, 0.08, 24
22, 2, 2, 1, 0, 0.0975249, 38, 1.72727, 0.09, 24
23, 2, 2, 1, 0, 0.0975249, 40, 1.73913, 0.09, 25
24, 2, 2, 1, 0, 0.0975249, 42, 1.75, 0.08, 25
25, 2, 2, 1, 0, 0.0975249, 44, 1.76, 0.09, 24
26, 2, 2, 1, 0, 0.0975249, 46, 1.76923, 0.09, 25
27, 2, 2, 1, 0, 0.0975249, 48, 1.77778, 0.09, 25
28, 2, 2, 1, 0, 0.0975249, 50, 1.78571, 0.09, 25
29, 2, 2, 1, 0, 0.0975249, 52, 1.7931, 0.09, 25
30, 2, 2, 1, 0, 0.0975249, 54, 1.8, 0.08, 25
31, 2, 2, 1, 0, 0.0975249, 56, 1.80645, 0.08, 25
32, 2, 2, 1, 0, 0.0975249, 58, 1.8125, 0.09, 25
33, 2, 2, 1, 0, 0.0975249, 60, 1.81818, 0.09, 26
34, 2, 2, 1, 0, 0.0975249, 62, 1.82353, 0.08, 25
35, 2, 2, 1, 0, 0.0975249, 64, 1.82857, 0.09, 24
36, 2, 2, 1, 0, 0.0975249, 66, 1.83333, 0.09, 25
37, 2, 2, 1, 0, 0.0975249, 68, 1.83784, 0.08, 27
38, 2, 2, 1, 0, 0.0975249, 70, 1.84211, 0.09, 24
39, 2, 2, 1, 0, 0.0975249, 72, 1.84615, 0.09, 25
40, 2, 2, 1, 0, 0.0975249, 74, 1.85, 0.08, 24
41, 2, 2, 1, 0, 0.0975249, 76, 1.85366, 0.08, 24
42, 2, 2, 1, 0, 0.0975249, 78, 1.85714, 0.09, 26
43, 2, 2, 1, 0, 0.0975249, 80, 1.86047, 0.1, 25
44, 2, 2, 1, 0, 0.0975249, 82, 1.86364, 0.08, 24
45, 2, 2, 1, 0, 0.0975249, 84, 1.86667, 0.09, 24
46, 2, 2, 1, 0, 0.0975249, 86, 1.86957, 0.09, 25
47, 2, 2, 1, 0, 0.0975249, 88, 1.87234, 0.08, 25
48, 2, 2, 1, 0, 0.0975249, 90, 1.875, 0.09, 26
49, 2, 2, 1, 0, 0.0975249, 92, 1.87755, 0.09, 24
50, 2, 2, 1, 0, 0.0975249, 94, 1.88, 0.08, 25
51, 2, 2, 1, 0, 0.0975249, 96, 1.88235, 0.09, 25
52, 2, 2, 1, 0, 0.0975249, 98, 1.88462, 0.09, 24
53, 2, 2, 1, 0, 0.0975249, 100, 1.88679, 0.08, 24
54, 2, 2, 1, 0, 0.0975249, 102, 1.88889, 0.09, 25
55, 2, 2, 1, 0, 0.0975249, 104, 1.89091, 0.09, 26
56, 2, 2, 1, 0, 0.0975249, 106, 1.89286, 0.08, 25
57, 2, 2, 1, 0, 0.0975249, 108, 1.89474, 0.09, 24
58, 2, 2, 1, 0, 0.0975249, 110, 1.89655, 0.09, 25
59, 2, 2, 1, 0, 0.0975249, 112, 1.89831, 0.08, 25
60, 2, 2, 1, 0, 0.0975249, 114, 1.9, 0.09, 24
61, 2, 2, 1, 0, 0.0975249, 116, 1.90164, 0.09, 24
62, 2, 2, 1, 0, 0.0975249, 118, 1.90323, 0.08, 25
63, 2, 2, 1, 0, 0.0975249, 120, 1.90476, 0.09, 24
64, 2, 2, 1, 0, 0.0975249, 122, 1.90625, 0.09, 25
65, 2, 2, 1, 0, 0.0975249, 124, 1.90769, 0.08, 25
66, 2, 2, 1, 0, 0.0975249, 126, 1.90909, 0.09, 25
67, 2, 2, 1, 0, 0.0975249, 128, 1.91045, 0.09, 25
68, 2, 2, 1, 0, 0.0975249, 130, 1.91176, 0.08, 24
69, 2, 2, 1, 0, 0.0975249, 132, 1.91304, 0.09, 24
70, 2, 2, 1, 0, 0.0975249, 134, 1.91429, 0.09, 25
71, 2, 2, 1, 0, 0.0975249, 136, 1.91549, 0.08, 26
72, 2, 2, 1, 0, 0.0975249, 138, 1.91667, 0.09, 24
73, 2, 2, 1, 0, 0.0975249, 140, 1.91781, 0.09, 24
74, 2, 2, 1, 0, 0.0975249, 142, 1.91892, 0.08, 25
75, 2, 2, 1, 0, 0.0975249, 144, 1.92, 0.09, 25
76, 2, 2, 1, 0, 0.0975249, 146, 1.92105, 0.09, 24
77, 2, 2, 1, 0, 0.0975249, 148, 1.92208, 0.08, 24
78, 2, 2, 1, 0, 0.0975249, 150, 1.92308, 0.09, 25
79, 2, 2, 1, 0, 0.0975249, 152, 1.92405, 0.09, 24
80, 2, 2, 1, 0, 0.0975249, 154, 1.925, 0.09, 24
81, 2, 2, 1, 0, 0.0975249, 156, 1.92593, 0.08, 24
82, 2, 2, 1, 0, 0.0975249, 158, 1.92683, 0.09, 24
83, 2, 2, 1, 0, 0.0975249, 160, 1.92771, 0.09, 25
84, 2, 2, 1, 0, 0.0975249, 162, 1.92857, 0.08, 26
85, 2, 2, 1, 0, 0.0975249, 164, 1.92941, 0.09, 24
86, 2, 2, 1, 0, 0.0975249, 166, 1.93023, 0.09, 25
87, 2, 2, 1, 0, 0.0975249, 168, 1.93103, 0.08, 24
88, 2, 2, 1, 0, 0.0975249, 170, 1.93182, 0.09, 24
89, 2, 2, 1, 0, 0.0975249, 172, 1.93258, 0.09, 25
90, 2, 2, 1, 0, 0.0975249, 174, 1.93333, 0.08, 25
91, 2, 2, 1, 0, 0.0975249, 176, 1.93407, 0.09, 25
92, 2, 2, 1, 0, 0.0975249, 178, 1.93478, 0.09, 25
93, 2, 2, 1, 0, 0.0975249, 180, 1.93548, 0.08, 25
94, 2, 2, 1, 0, 0.0975249, 182, 1.93617, 0.09, 25
95, 2, 2, 1, 0, 0.0975249, 184, 1.93684, 0.09, 25
96, 2, 2, 1, 0, 0.0975249, 186, 1.9375, 0.08, 24
97, 2, 2, 1, 0, 0.0975249, 188, 1.93814, 0.09, 26
98, 2, 2, 1, 0, 0.0975249, 190, 1.93878, 0.09, 24
99, 2, 2, 1, 0, 0.0975249, 192, 1.93939, 0.08, 24
100, 2, 2, 1, 0, 0.0975249, 194, 1.94, 0.09, 25
101, 2, 2, 1, 0, 0.0975249, 196, 1.94059, 0.08, 25
